WARNING: A restricted method in java.lang.System has been called
WARNING: java.lang.System::load has been called by net.rubygrapefruit.platform.internal.NativeLibraryLoader in an unnamed module (file:/C:/Users/jay92/.gradle/wrapper/dists/gradle-8.13-bin/34ap19oldls385r5fs6rspcrap/gradle-8.13/lib/native-platform-0.22-milestone-28.jar)
WARNING: Use --enable-native-access=ALL-UNNAMED to avoid a warning for callers in this module
WARNING: Restricted methods will be blocked in a future release unless native access is enabled

> Task :app:preBuild UP-TO-DATE
> Task :app:preDebugBuild UP-TO-DATE
> Task :app:javaPreCompileDebug UP-TO-DATE
> Task :app:checkDebugAarMetadata UP-TO-DATE
> Task :app:processDebugNavigationResources UP-TO-DATE
> Task :app:compileDebugNavigationResources UP-TO-DATE
> Task :app:generateDebugResValues UP-TO-DATE
> Task :app:mapDebugSourceSetPaths UP-TO-DATE
> Task :app:generateDebugResources UP-TO-DATE
> Task :app:mergeDebugResources UP-TO-DATE
> Task :app:packageDebugResources UP-TO-DATE
> Task :app:parseDebugLocalResources UP-TO-DATE
> Task :app:createDebugCompatibleScreenManifests UP-TO-DATE
> Task :app:extractDeepLinksDebug UP-TO-DATE
> Task :app:processDebugMainManifest UP-TO-DATE
> Task :app:processDebugManifest UP-TO-DATE
> Task :app:processDebugManifestForPackage UP-TO-DATE
> Task :app:processDebugResources UP-TO-DATE

> Task :app:compileDebugJavaWithJavac FAILED
C:\Users\jay92\Documents\420 final\ECE420_Final_Project\app\src\main\java\com\ece420\lab4\MainActivity.java:230: error: variable progress is already defined in method onSeek(float)
                float progress = getCurrentProgress();
                      ^
C:\Users\jay92\Documents\420 final\ECE420_Final_Project\app\src\main\java\com\ece420\lab4\MainActivity.java:387: error: cannot find symbol
                        if (mixedSamples != null)
                            ^
  symbol: variable mixedSamples
C:\Users\jay92\Documents\420 final\ECE420_Final_Project\app\src\main\java\com\ece420\lab4\MainActivity.java:388: error: cannot find symbol
                            playAudio(mixedSamples, 44100, progress); // Mix usually 44100
                                      ^
  symbol: variable mixedSamples
C:\Users\jay92\Documents\420 final\ECE420_Final_Project\app\src\main\java\com\ece420\lab4\MainActivity.java:524: error: method loadWaveformAsync in class MainActivity cannot be applied to given types;
                loadWaveformAsync();
                ^
  required: MainActivity.TrackState
  found:    no arguments
  reason: actual and formal argument lists differ in length
C:\Users\jay92\Documents\420 final\ECE420_Final_Project\app\src\main\java\com\ece420\lab4\MainActivity.java:646: error: cannot find symbol
            else if (getCurrentTrackState().currentAudioState == AudioState.MIX && mixedSamples != null)
                                                                                   ^
  symbol:   variable mixedSamples
  location: class MainActivity
C:\Users\jay92\Documents\420 final\ECE420_Final_Project\app\src\main\java\com\ece420\lab4\MainActivity.java:647: error: cannot find symbol
                totalFrames = mixedSamples.length;
                              ^
  symbol:   variable mixedSamples
  location: class MainActivity
C:\Users\jay92\Documents\420 final\ECE420_Final_Project\app\src\main\java\com\ece420\lab4\MainActivity.java:769: error: cannot find symbol
             else if (getCurrentTrackState().currentAudioState == AudioState.MIX && mixedSamples != null)
                                                                                    ^
  symbol:   variable mixedSamples
  location: class MainActivity
C:\Users\jay92\Documents\420 final\ECE420_Final_Project\app\src\main\java\com\ece420\lab4\MainActivity.java:770: error: cannot find symbol
                 totalFrames = mixedSamples.length;
                               ^
  symbol:   variable mixedSamples
  location: class MainActivity
C:\Users\jay92\Documents\420 final\ECE420_Final_Project\app\src\main\java\com\ece420\lab4\MainActivity.java:824: error: cannot find symbol
                else if (getCurrentTrackState().currentAudioState == AudioState.MIX && mixedSamples != null)
                                                                                       ^
  symbol: variable mixedSamples
C:\Users\jay92\Documents\420 final\ECE420_Final_Project\app\src\main\java\com\ece420\lab4\MainActivity.java:825: error: cannot find symbol
                    totalFrames = mixedSamples.length;
                                  ^
  symbol: variable mixedSamples
C:\Users\jay92\Documents\420 final\ECE420_Final_Project\app\src\main\java\com\ece420\lab4\MainActivity.java:974: error: cannot find symbol
        mixedSamples = null;
        ^
  symbol:   variable mixedSamples
  location: class MainActivity
C:\Users\jay92\Documents\420 final\ECE420_Final_Project\app\src\main\java\com\ece420\lab4\MainActivity.java:1174: error: cannot find symbol
             mixedSamples = t2Samples; // Reference copy
             ^
  symbol:   variable mixedSamples
  location: class MainActivity
C:\Users\jay92\Documents\420 final\ECE420_Final_Project\app\src\main\java\com\ece420\lab4\MainActivity.java:1177: error: cannot find symbol
             mixedSamples = t1Samples;
             ^
  symbol:   variable mixedSamples
  location: class MainActivity
C:\Users\jay92\Documents\420 final\ECE420_Final_Project\app\src\main\java\com\ece420\lab4\MainActivity.java:1192: error: cannot find symbol
            mixedSamples = mixResult;
            ^
  symbol:   variable mixedSamples
  location: class MainActivity
C:\Users\jay92\Documents\420 final\ECE420_Final_Project\app\src\main\java\com\ece420\lab4\MainActivity.java:1197: error: cannot find symbol
        if (mixedSamples != null) {
            ^
  symbol:   variable mixedSamples
  location: class MainActivity
C:\Users\jay92\Documents\420 final\ECE420_Final_Project\app\src\main\java\com\ece420\lab4\MainActivity.java:1199: error: cannot find symbol
            playAudio(mixedSamples, 44100, 0);
                      ^
  symbol:   variable mixedSamples
  location: class MainActivity
Note: C:\Users\jay92\Documents\420 final\ECE420_Final_Project\app\src\main\java\com\ece420\lab4\MainActivity.java uses or overrides a deprecated API.
Note: Recompile with -Xlint:deprecation for details.
16 errors

[Incubating] Problems report is available at: file:///C:/Users/jay92/Documents/420%20final/ECE420_Final_Project/build/reports/problems/problems-report.html

FAILURE: Build failed with an exception.

* What went wrong:
Execution failed for task ':app:compileDebugJavaWithJavac'.
> Compilation failed; see the compiler output below.
  C:\Users\jay92\Documents\420 final\ECE420_Final_Project\app\src\main\java\com\ece420\lab4\MainActivity.java:230: error: variable progress is already defined in method onSeek(float)
                  float progress = getCurrentProgress();
                        ^
  C:\Users\jay92\Documents\420 final\ECE420_Final_Project\app\src\main\java\com\ece420\lab4\MainActivity.java:387: error: cannot find symbol
                          if (mixedSamples != null)
                              ^
    symbol: variable mixedSamples
  C:\Users\jay92\Documents\420 final\ECE420_Final_Project\app\src\main\java\com\ece420\lab4\MainActivity.java:388: error: cannot find symbol
                              playAudio(mixedSamples, 44100, progress); // Mix usually 44100
                                        ^
    symbol: variable mixedSamples
  C:\Users\jay92\Documents\420 final\ECE420_Final_Project\app\src\main\java\com\ece420\lab4\MainActivity.java:524: error: method loadWaveformAsync in class MainActivity cannot be applied to given types;
                  loadWaveformAsync();
                  ^
    required: MainActivity.TrackState
    found:    no arguments
    reason: actual and formal argument lists differ in length
  C:\Users\jay92\Documents\420 final\ECE420_Final_Project\app\src\main\java\com\ece420\lab4\MainActivity.java:646: error: cannot find symbol
              else if (getCurrentTrackState().currentAudioState == AudioState.MIX && mixedSamples != null)
                                                                                     ^
    symbol:   variable mixedSamples
    location: class MainActivity
  C:\Users\jay92\Documents\420 final\ECE420_Final_Project\app\src\main\java\com\ece420\lab4\MainActivity.java:647: error: cannot find symbol
                  totalFrames = mixedSamples.length;
                                ^
    symbol:   variable mixedSamples
    location: class MainActivity
  C:\Users\jay92\Documents\420 final\ECE420_Final_Project\app\src\main\java\com\ece420\lab4\MainActivity.java:769: error: cannot find symbol
               else if (getCurrentTrackState().currentAudioState == AudioState.MIX && mixedSamples != null)
                                                                                      ^
    symbol:   variable mixedSamples
    location: class MainActivity
  C:\Users\jay92\Documents\420 final\ECE420_Final_Project\app\src\main\java\com\ece420\lab4\MainActivity.java:770: error: cannot find symbol
                   totalFrames = mixedSamples.length;
                                 ^
    symbol:   variable mixedSamples
    location: class MainActivity
  C:\Users\jay92\Documents\420 final\ECE420_Final_Project\app\src\main\java\com\ece420\lab4\MainActivity.java:824: error: cannot find symbol
                  else if (getCurrentTrackState().currentAudioState == AudioState.MIX && mixedSamples != null)
                                                                                         ^
    symbol: variable mixedSamples
  C:\Users\jay92\Documents\420 final\ECE420_Final_Project\app\src\main\java\com\ece420\lab4\MainActivity.java:825: error: cannot find symbol
                      totalFrames = mixedSamples.length;
                                    ^
    symbol: variable mixedSamples
  C:\Users\jay92\Documents\420 final\ECE420_Final_Project\app\src\main\java\com\ece420\lab4\MainActivity.java:974: error: cannot find symbol
          mixedSamples = null;
          ^
    symbol:   variable mixedSamples
    location: class MainActivity
  C:\Users\jay92\Documents\420 final\ECE420_Final_Project\app\src\main\java\com\ece420\lab4\MainActivity.java:1174: error: cannot find symbol
               mixedSamples = t2Samples; // Reference copy
               ^
    symbol:   variable mixedSamples
    location: class MainActivity
  C:\Users\jay92\Documents\420 final\ECE420_Final_Project\app\src\main\java\com\ece420\lab4\MainActivity.java:1177: error: cannot find symbol
               mixedSamples = t1Samples;
               ^
    symbol:   variable mixedSamples
    location: class MainActivity
  C:\Users\jay92\Documents\420 final\ECE420_Final_Project\app\src\main\java\com\ece420\lab4\MainActivity.java:1192: error: cannot find symbol
              mixedSamples = mixResult;
              ^
    symbol:   variable mixedSamples
    location: class MainActivity
  C:\Users\jay92\Documents\420 final\ECE420_Final_Project\app\src\main\java\com\ece420\lab4\MainActivity.java:1197: error: cannot find symbol
          if (mixedSamples != null) {
              ^
    symbol:   variable mixedSamples
    location: class MainActivity
  C:\Users\jay92\Documents\420 final\ECE420_Final_Project\app\src\main\java\com\ece420\lab4\MainActivity.java:1199: error: cannot find symbol
              playAudio(mixedSamples, 44100, 0);
                        ^
    symbol:   variable mixedSamples
    location: class MainActivity
  Note: C:\Users\jay92\Documents\420 final\ECE420_Final_Project\app\src\main\java\com\ece420\lab4\MainActivity.java uses or overrides a deprecated API.
  Note: Recompile with -Xlint:deprecation for details.
  16 errors

* Try:
> Check your code and dependencies to fix the compilation error(s)
> Run with --scan to get full insights.

Deprecated Gradle features were used in this build, making it incompatible with Gradle 9.0.

You can use '--warning-mode all' to show the individual deprecation warnings and determine if they come from your own scripts or plugins.

For more on this, please refer to https://docs.gradle.org/8.13/userguide/command_line_interface.html#sec:command_line_warnings in the Gradle documentation.

BUILD FAILED in 732ms
17 actionable tasks: 1 executed, 16 up-to-date
